<?xml version="1.0" encoding="UTF-8"?>
<testsuite name="calculadoraTest" tests="1" skipped="0" failures="0" errors="0" timestamp="2021-06-10T04:49:46" hostname="DESKTOP-EPFROS5" time="0.02">
  <properties/>
  <testcase name="adicion()" classname="calculadoraTest" time="0.02"/>
  <system-out><![CDATA[]]></system-out>
  <system-err><![CDATA[]]></system-err>
</testsuite>
